1625972254056	mozrunner::runner	INFO	Running command: "/Applications/Firefox.app/Contents/MacOS/firefox-bin" "-marionette" "--headless" "-foreground" "-no-remote" "-profile" "/var/folders/c4/7wg21tps309953_4v53mpswm0000gn/T/rust_mozprofileS030Mo"
*** You are running in headless mode.
console.warn: SearchSettings: "get: No settings file exists, new profile?" (new Error("", "(unknown module)"))
1625972263623	Marionette	INFO	Listening on port 53412
1625972263690	Marionette	WARN	TLS certificate errors will be ignored for this session
1625972269690	Marionette	INFO	Stopped listening on port 53412

###!!! [Child][RunMessage] Error: Channel closing: too late to send/recv, messages will be lost

1625972347436	mozrunner::runner	INFO	Running command: "/Applications/Firefox.app/Contents/MacOS/firefox-bin" "-marionette" "--headless" "-foreground" "-no-remote" "-profile" "/var/folders/c4/7wg21tps309953_4v53mpswm0000gn/T/rust_mozprofileR83EWO"
*** You are running in headless mode.
console.warn: SearchSettings: "get: No settings file exists, new profile?" (new Error("", "(unknown module)"))
1625972350608	Marionette	INFO	Listening on port 53582
1625972350751	Marionette	WARN	TLS certificate errors will be ignored for this session
1625972352895	Marionette	INFO	Stopped listening on port 53582
1625972435223	mozrunner::runner	INFO	Running command: "/Applications/Firefox.app/Contents/MacOS/firefox-bin" "-marionette" "--headless" "-foreground" "-no-remote" "-profile" "/var/folders/c4/7wg21tps309953_4v53mpswm0000gn/T/rust_mozprofilewuodEy"
*** You are running in headless mode.
console.warn: SearchSettings: "get: No settings file exists, new profile?" (new Error("", "(unknown module)"))
1625972438425	Marionette	INFO	Listening on port 53679
1625972438718	Marionette	WARN	TLS certificate errors will be ignored for this session
1625972440975	Marionette	INFO	Stopped listening on port 53679
1625972551078	mozrunner::runner	INFO	Running command: "/Applications/Firefox.app/Contents/MacOS/firefox-bin" "-marionette" "--headless" "-foreground" "-no-remote" "-profile" "/var/folders/c4/7wg21tps309953_4v53mpswm0000gn/T/rust_mozprofileIdCGap"
*** You are running in headless mode.
console.warn: SearchSettings: "get: No settings file exists, new profile?" (new Error("", "(unknown module)"))
1625972555248	Marionette	INFO	Listening on port 53780
1625972555339	Marionette	WARN	TLS certificate errors will be ignored for this session
1625972557671	Marionette	INFO	Stopped listening on port 53780
1625972578276	mozrunner::runner	INFO	Running command: "/Applications/Firefox.app/Contents/MacOS/firefox-bin" "-marionette" "--headless" "-foreground" "-no-remote" "-profile" "/var/folders/c4/7wg21tps309953_4v53mpswm0000gn/T/rust_mozprofileUWVFcr"
*** You are running in headless mode.
console.warn: SearchSettings: "get: No settings file exists, new profile?" (new Error("", "(unknown module)"))
1625972582507	Marionette	INFO	Listening on port 53877
1625972582634	Marionette	WARN	TLS certificate errors will be ignored for this session
1625972588074	Marionette	INFO	Stopped listening on port 53877
1625972718591	mozrunner::runner	INFO	Running command: "/Applications/Firefox.app/Contents/MacOS/firefox-bin" "-marionette" "--headless" "-foreground" "-no-remote" "-profile" "/var/folders/c4/7wg21tps309953_4v53mpswm0000gn/T/rust_mozprofileBb91g6"
*** You are running in headless mode.
console.warn: SearchSettings: "get: No settings file exists, new profile?" (new Error("", "(unknown module)"))
1625972722737	Marionette	INFO	Listening on port 54003
1625972722834	Marionette	WARN	TLS certificate errors will be ignored for this session
1625973018293	mozrunner::runner	INFO	Running command: "/Applications/Firefox.app/Contents/MacOS/firefox-bin" "-marionette" "--headless" "-foreground" "-no-remote" "-profile" "/var/folders/c4/7wg21tps309953_4v53mpswm0000gn/T/rust_mozprofilef1tSq3"
*** You are running in headless mode.
console.warn: SearchSettings: "get: No settings file exists, new profile?" (new Error("", "(unknown module)"))
1625973022976	Marionette	INFO	Listening on port 54263
1625973023073	Marionette	WARN	TLS certificate errors will be ignored for this session
1625973116842	mozrunner::runner	INFO	Running command: "/Applications/Firefox.app/Contents/MacOS/firefox-bin" "-marionette" "--headless" "-foreground" "-no-remote" "-profile" "/var/folders/c4/7wg21tps309953_4v53mpswm0000gn/T/rust_mozprofile7RJvM3"
*** You are running in headless mode.
console.warn: SearchSettings: "get: No settings file exists, new profile?" (new Error("", "(unknown module)"))
1625973121262	Marionette	INFO	Listening on port 54360
1625973121401	Marionette	WARN	TLS certificate errors will be ignored for this session
1625973124278	Marionette	INFO	Stopped listening on port 54360

###!!! [Child][RunMessage] Error: Channel closing: too late to send/recv, messages will be lost

1625973211781	mozrunner::runner	INFO	Running command: "/Applications/Firefox.app/Contents/MacOS/firefox-bin" "-marionette" "--headless" "-foreground" "-no-remote" "-profile" "/var/folders/c4/7wg21tps309953_4v53mpswm0000gn/T/rust_mozprofileB67Nbi"
*** You are running in headless mode.
console.warn: SearchSettings: "get: No settings file exists, new profile?" (new Error("", "(unknown module)"))
1625973215908	Marionette	INFO	Listening on port 54473
1625973216060	Marionette	WARN	TLS certificate errors will be ignored for this session
1625973217915	Marionette	INFO	Stopped listening on port 54473
console.log: WebExtensions: reset-default-search: No addons in our list are installed.
console.log: WebExtensions: reset-default-search: No addons in our list are installed.
1625973765414	mozrunner::runner	INFO	Running command: "/Applications/Firefox.app/Contents/MacOS/firefox-bin" "-marionette" "--headless" "-foreground" "-no-remote" "-profile" "/var/folders/c4/7wg21tps309953_4v53mpswm0000gn/T/rust_mozprofile39rhmk"
*** You are running in headless mode.
console.warn: SearchSettings: "get: No settings file exists, new profile?" (new Error("", "(unknown module)"))
1625973769795	Marionette	INFO	Listening on port 54629
1625973769882	Marionette	WARN	TLS certificate errors will be ignored for this session
1625973790599	mozrunner::runner	INFO	Running command: "/Applications/Firefox.app/Contents/MacOS/firefox-bin" "-marionette" "--headless" "-foreground" "-no-remote" "-profile" "/var/folders/c4/7wg21tps309953_4v53mpswm0000gn/T/rust_mozprofile16u1r9"
*** You are running in headless mode.
console.warn: SearchSettings: "get: No settings file exists, new profile?" (new Error("", "(unknown module)"))
1625973799452	Marionette	INFO	Listening on port 54727
1625973799626	Marionette	WARN	TLS certificate errors will be ignored for this session
1625973801630	Marionette	INFO	Stopped listening on port 54727
1625973893804	mozrunner::runner	INFO	Running command: "/Applications/Firefox.app/Contents/MacOS/firefox-bin" "-marionette" "--headless" "-foreground" "-no-remote" "-profile" "/var/folders/c4/7wg21tps309953_4v53mpswm0000gn/T/rust_mozprofilehDMBYS"
*** You are running in headless mode.
console.warn: SearchSettings: "get: No settings file exists, new profile?" (new Error("", "(unknown module)"))
1625973898164	Marionette	INFO	Listening on port 54877
1625973898275	Marionette	WARN	TLS certificate errors will be ignored for this session
1625973900593	Marionette	INFO	Stopped listening on port 54877

###!!! [Child][RunMessage] Error: Channel closing: too late to send/recv, messages will be lost

1625973958649	mozrunner::runner	INFO	Running command: "/Applications/Firefox.app/Contents/MacOS/firefox-bin" "-marionette" "--headless" "-foreground" "-no-remote" "-profile" "/var/folders/c4/7wg21tps309953_4v53mpswm0000gn/T/rust_mozprofile7d8rIV"
*** You are running in headless mode.
console.warn: SearchSettings: "get: No settings file exists, new profile?" (new Error("", "(unknown module)"))
1625973962876	Marionette	INFO	Listening on port 54975
1625973963024	Marionette	WARN	TLS certificate errors will be ignored for this session
1625973964817	Marionette	INFO	Stopped listening on port 54975
console.log: WebExtensions: reset-default-search: No addons in our list are installed.
1625975048452	mozrunner::runner	INFO	Running command: "/Applications/Firefox.app/Contents/MacOS/firefox-bin" "-marionette" "--headless" "-foreground" "-no-remote" "-profile" "/var/folders/c4/7wg21tps309953_4v53mpswm0000gn/T/rust_mozprofileYRHSzg"
*** You are running in headless mode.
console.warn: SearchSettings: "get: No settings file exists, new profile?" (new Error("", "(unknown module)"))
1625975052622	Marionette	INFO	Listening on port 59612
1625975052711	Marionette	WARN	TLS certificate errors will be ignored for this session
1625975058177	Marionette	INFO	Stopped listening on port 59612

###!!! [Child][RunMessage] Error: Channel closing: too late to send/recv, messages will be lost


###!!! [Child][MessageChannel] Error: (msgtype=0x3A0144,name=PContent::Msg_ScriptError) Channel closing: too late to send/recv, messages will be lost


###!!! [Child][MessageChannel] Error: (msgtype=0xB60006,name=PWebSocket::Msg_DeleteSelf) Channel closing: too late to send/recv, messages will be lost

1625975098713	mozrunner::runner	INFO	Running command: "/Applications/Firefox.app/Contents/MacOS/firefox-bin" "-marionette" "--headless" "-foreground" "-no-remote" "-profile" "/var/folders/c4/7wg21tps309953_4v53mpswm0000gn/T/rust_mozprofileW2aLJC"
*** You are running in headless mode.
console.warn: SearchSettings: "get: No settings file exists, new profile?" (new Error("", "(unknown module)"))
1625975103089	Marionette	INFO	Listening on port 59931
1625975103205	Marionette	WARN	TLS certificate errors will be ignored for this session
1625975105084	Marionette	INFO	Stopped listening on port 59931
1625975229921	mozrunner::runner	INFO	Running command: "/Applications/Firefox.app/Contents/MacOS/firefox-bin" "-marionette" "--headless" "-foreground" "-no-remote" "-profile" "/var/folders/c4/7wg21tps309953_4v53mpswm0000gn/T/rust_mozprofileiNo2tL"
*** You are running in headless mode.
console.warn: SearchSettings: "get: No settings file exists, new profile?" (new Error("", "(unknown module)"))
1625975233928	Marionette	INFO	Listening on port 60566
1625975234065	Marionette	WARN	TLS certificate errors will be ignored for this session
1625975245521	Marionette	INFO	Stopped listening on port 60566
1625975448162	mozrunner::runner	INFO	Running command: "/Applications/Firefox.app/Contents/MacOS/firefox-bin" "-marionette" "--headless" "-foreground" "-no-remote" "-profile" "/var/folders/c4/7wg21tps309953_4v53mpswm0000gn/T/rust_mozprofilewr7SxC"
*** You are running in headless mode.
console.warn: SearchSettings: "get: No settings file exists, new profile?" (new Error("", "(unknown module)"))
1625975452231	Marionette	INFO	Listening on port 61548
1625975452305	Marionette	WARN	TLS certificate errors will be ignored for this session
1625975463625	Marionette	INFO	Stopped listening on port 61548
1625978622659	mozrunner::runner	INFO	Running command: "/Applications/Firefox.app/Contents/MacOS/firefox-bin" "-marionette" "--headless" "-foreground" "-no-remote" "-profile" "/var/folders/c4/7wg21tps309953_4v53mpswm0000gn/T/rust_mozprofileZR48K1"
*** You are running in headless mode.
console.warn: SearchSettings: "get: No settings file exists, new profile?" (new Error("", "(unknown module)"))
1625978635220	Marionette	INFO	Listening on port 58510
1625978635394	Marionette	WARN	TLS certificate errors will be ignored for this session
console.log: WebExtensions: reset-default-search: No addons in our list are installed.
1625980420250	mozrunner::runner	INFO	Running command: "/Applications/Firefox.app/Contents/MacOS/firefox-bin" "-marionette" "--headless" "-foreground" "-no-remote" "-profile" "/var/folders/c4/7wg21tps309953_4v53mpswm0000gn/T/rust_mozprofileqyDnyz"
*** You are running in headless mode.
console.warn: SearchSettings: "get: No settings file exists, new profile?" (new Error("", "(unknown module)"))
1625980440767	Marionette	INFO	Listening on port 50952
1625980441413	Marionette	WARN	TLS certificate errors will be ignored for this session
1625980456193	Marionette	WARN	TimedPromise timed out after 500 ms: stacktrace:
TimedPromise/<@chrome://marionette/content/sync.js:235:19
TimedPromise@chrome://marionette/content/sync.js:220:10
interaction.flushEventLoop@chrome://marionette/content/interaction.js:418:10
webdriverClickElement@chrome://marionette/content/interaction.js:179:31
JavaScript error: , line 0: NotFoundError: No such JSWindowActor 'MarionetteEvents'
JavaScript error: , line 0: NotFoundError: No such JSWindowActor 'MarionetteEvents'
JavaScript warning: https://cdn.ftd.agency/libs/e.js, line 46: WebGL warning: <Create>: Can't use WebGL in headless mode (https://bugzil.la/1375585).
JavaScript warning: https://cdn.ftd.agency/libs/e.js, line 46: Failed to create WebGL context: WebGL creation failed: 
* Can't use WebGL in headless mode (https://bugzil.la/1375585).
JavaScript error: , line 0: NotFoundError: No such JSWindowActor 'MarionetteEvents'
JavaScript warning: https://cdn.flashtalking.com/frameworks/js/api/2/10/html5API.js, line 1: WebGL warning: <Create>: Can't use WebGL in headless mode (https://bugzil.la/1375585).
JavaScript warning: https://cdn.flashtalking.com/frameworks/js/api/2/10/html5API.js, line 1: Failed to create WebGL context: WebGL creation failed: 
* Can't use WebGL in headless mode (https://bugzil.la/1375585).
JavaScript warning: https://z.moatads.com/betfairieftdisplay731863876687/moatad.js#moatClientLevel1=126903&moatClientLevel2=20394&moatClientLevel3=5253328&moatClientLevel4=3179873_22113175&zMoatIMP=C565E97D-5EFD-E5E2-61AE-271DC80FC36B?392298609, line 265: WebGL warning: <Create>: Can't use WebGL in headless mode (https://bugzil.la/1375585).
JavaScript warning: https://z.moatads.com/betfairieftdisplay731863876687/moatad.js#moatClientLevel1=126903&moatClientLevel2=20394&moatClientLevel3=5253328&moatClientLevel4=3179873_22113175&zMoatIMP=C565E97D-5EFD-E5E2-61AE-271DC80FC36B?392298609, line 265: Failed to create WebGL context: WebGL creation failed: 
* Can't use WebGL in headless mode (https://bugzil.la/1375585).
JavaScript warning: https://z.moatads.com/betfairieftdisplay731863876687/moatad.js#moatClientLevel1=126903&moatClientLevel2=20394&moatClientLevel3=5253328&moatClientLevel4=3179873_22113175&zMoatIMP=C565E97D-5EFD-E5E2-61AE-271DC80FC36B?392298609, line 265: WebGL warning: <Create>: Can't use WebGL in headless mode (https://bugzil.la/1375585).
JavaScript warning: https://z.moatads.com/betfairieftdisplay731863876687/moatad.js#moatClientLevel1=126903&moatClientLevel2=20394&moatClientLevel3=5253328&moatClientLevel4=3179873_22113175&zMoatIMP=C565E97D-5EFD-E5E2-61AE-271DC80FC36B?392298609, line 265: Failed to create WebGL context: WebGL creation failed: 
* Can't use WebGL in headless mode (https://bugzil.la/1375585).
JavaScript warning: https://mobile.bet365.com/members/services/OpenAccount/Scripts/js/jquery-1.10.2.min.js, line 2: Using //@ to indicate sourceMappingURL pragmas is deprecated. Use //# instead
JavaScript warning: https://mobile.bet365.com/members/services/host/Scripts/js/ProductCommon_v1.js?seed=AIC875N6AQAAUQddl_um4Fm5-fExj2f7hADcX8_p8A8BCMoTlZW3Eqq8ZBiW&PIRXTcSdwp--z=q, line 1: WebGL warning: <Create>: Can't use WebGL in headless mode (https://bugzil.la/1375585).
JavaScript warning: https://mobile.bet365.com/members/services/host/Scripts/js/ProductCommon_v1.js?seed=AIC875N6AQAAUQddl_um4Fm5-fExj2f7hADcX8_p8A8BCMoTlZW3Eqq8ZBiW&PIRXTcSdwp--z=q, line 1: Failed to create WebGL context: WebGL creation failed: 
* Can't use WebGL in headless mode (https://bugzil.la/1375585).
JavaScript warning: https://mobile.bet365.com/members/services/host/Scripts/js/ProductCommon_v1.js?seed=AIC875N6AQAAUQddl_um4Fm5-fExj2f7hADcX8_p8A8BCMoTlZW3Eqq8ZBiW&PIRXTcSdwp--z=q, line 1: WebGL warning: <Create>: Can't use WebGL in headless mode (https://bugzil.la/1375585).
JavaScript warning: https://mobile.bet365.com/members/services/host/Scripts/js/ProductCommon_v1.js?seed=AIC875N6AQAAUQddl_um4Fm5-fExj2f7hADcX8_p8A8BCMoTlZW3Eqq8ZBiW&PIRXTcSdwp--z=q, line 1: Failed to create WebGL context: WebGL creation failed: 
* Can't use WebGL in headless mode (https://bugzil.la/1375585).
1625980501133	Marionette	INFO	Stopped listening on port 50952
IPDL protocol error: Handler returned error code!

###!!! [Parent][DispatchAsyncMessage] Error: PLayerTransaction::Msg_ReleaseLayer Processing error: message was deserialized, but the handler returned false (indicating failure)

IPDL protocol error: Handler returned error code!

###!!! [Parent][DispatchAsyncMessage] Error: PLayerTransaction::Msg_ReleaseLayer Processing error: message was deserialized, but the handler returned false (indicating failure)

IPDL protocol error: Handler returned error code!

###!!! [Parent][DispatchAsyncMessage] Error: PLayerTransaction::Msg_ReleaseLayer Processing error: message was deserialized, but the handler returned false (indicating failure)

IPDL protocol error: Handler returned error code!

###!!! [Parent][DispatchAsyncMessage] Error: PLayerTransaction::Msg_ReleaseLayer Processing error: message was deserialized, but the handler returned false (indicating failure)


###!!! [Child][RunMessage] Error: Channel closing: too late to send/recv, messages will be lost


###!!! [Child][RunMessage] Error: Channel closing: too late to send/recv, messages will be lost

1625981627764	mozrunner::runner	INFO	Running command: "/Applications/Firefox.app/Contents/MacOS/firefox-bin" "-marionette" "--headless" "-foreground" "-no-remote" "-profile" "/var/folders/c4/7wg21tps309953_4v53mpswm0000gn/T/rust_mozprofileIDSn8I"
*** You are running in headless mode.
console.warn: SearchSettings: "get: No settings file exists, new profile?" (new Error("", "(unknown module)"))
1625981658905	Marionette	INFO	Listening on port 53665
1625981659651	Marionette	WARN	TLS certificate errors will be ignored for this session
1625981680845	Marionette	INFO	Stopped listening on port 53665
1625981870335	mozrunner::runner	INFO	Running command: "/Applications/Firefox.app/Contents/MacOS/firefox-bin" "-marionette" "--headless" "-foreground" "-no-remote" "-profile" "/var/folders/c4/7wg21tps309953_4v53mpswm0000gn/T/rust_mozprofileFVEgg6"
*** You are running in headless mode.
console.warn: SearchSettings: "get: No settings file exists, new profile?" (new Error("", "(unknown module)"))
1625981891608	Marionette	INFO	Listening on port 54063
1625981892019	Marionette	WARN	TLS certificate errors will be ignored for this session
1625981907341	Marionette	WARN	TimedPromise timed out after 500 ms: stacktrace:
TimedPromise/<@chrome://marionette/content/sync.js:235:19
TimedPromise@chrome://marionette/content/sync.js:220:10
interaction.flushEventLoop@chrome://marionette/content/interaction.js:418:10
webdriverClickElement@chrome://marionette/content/interaction.js:179:31
JavaScript error: , line 0: NotFoundError: No such JSWindowActor 'MarionetteEvents'
JavaScript error: , line 0: NotFoundError: No such JSWindowActor 'MarionetteEvents'
JavaScript error: , line 0: NotFoundError: No such JSWindowActor 'MarionetteEvents'
JavaScript warning: https://z.moatads.com/betfairieftdisplay731863876687/moatad.js#moatClientLevel1=126903&moatClientLevel2=20394&moatClientLevel3=5253328&moatClientLevel4=3179873_22113175&zMoatIMP=BBEC9947-78F9-17D2-51E2-82C227071AAE?863052837, line 265: WebGL warning: <Create>: Can't use WebGL in headless mode (https://bugzil.la/1375585).
JavaScript warning: https://z.moatads.com/betfairieftdisplay731863876687/moatad.js#moatClientLevel1=126903&moatClientLevel2=20394&moatClientLevel3=5253328&moatClientLevel4=3179873_22113175&zMoatIMP=BBEC9947-78F9-17D2-51E2-82C227071AAE?863052837, line 265: Failed to create WebGL context: WebGL creation failed: 
* Can't use WebGL in headless mode (https://bugzil.la/1375585).
JavaScript warning: https://z.moatads.com/betfairieftdisplay731863876687/moatad.js#moatClientLevel1=126903&moatClientLevel2=20394&moatClientLevel3=5253328&moatClientLevel4=3179873_22113175&zMoatIMP=BBEC9947-78F9-17D2-51E2-82C227071AAE?863052837, line 265: WebGL warning: <Create>: Can't use WebGL in headless mode (https://bugzil.la/1375585).
JavaScript warning: https://z.moatads.com/betfairieftdisplay731863876687/moatad.js#moatClientLevel1=126903&moatClientLevel2=20394&moatClientLevel3=5253328&moatClientLevel4=3179873_22113175&zMoatIMP=BBEC9947-78F9-17D2-51E2-82C227071AAE?863052837, line 265: Failed to create WebGL context: WebGL creation failed: 
* Can't use WebGL in headless mode (https://bugzil.la/1375585).
JavaScript warning: https://cdn.flashtalking.com/frameworks/js/api/2/10/html5API.js, line 1: WebGL warning: <Create>: Can't use WebGL in headless mode (https://bugzil.la/1375585).
JavaScript warning: https://cdn.flashtalking.com/frameworks/js/api/2/10/html5API.js, line 1: Failed to create WebGL context: WebGL creation failed: 
* Can't use WebGL in headless mode (https://bugzil.la/1375585).
1625981946499	Marionette	INFO	Stopped listening on port 54063
IPDL protocol error: Handler returned error code!

###!!! [Parent][DispatchAsyncMessage] Error: PLayerTransaction::Msg_ReleaseLayer Processing error: message was deserialized, but the handler returned false (indicating failure)

IPDL protocol error: Handler returned error code!

###!!! [Parent][DispatchAsyncMessage] Error: PLayerTransaction::Msg_ReleaseLayer Processing error: message was deserialized, but the handler returned false (indicating failure)


###!!! [Child][RunMessage] Error: Channel closing: too late to send/recv, messages will be lost


###!!! [Child][RunMessage] Error: Channel closing: too late to send/recv, messages will be lost


###!!! [Child][RunMessage] Error: Channel closing: too late to send/recv, messages will be lost

1625981970437	mozrunner::runner	INFO	Running command: "/Applications/Firefox.app/Contents/MacOS/firefox-bin" "-marionette" "--headless" "-foreground" "-no-remote" "-profile" "/var/folders/c4/7wg21tps309953_4v53mpswm0000gn/T/rust_mozprofilez1QcvL"
*** You are running in headless mode.
console.warn: SearchSettings: "get: No settings file exists, new profile?" (new Error("", "(unknown module)"))
1625981988769	Marionette	INFO	Listening on port 54420
1625981989313	Marionette	WARN	TLS certificate errors will be ignored for this session
JavaScript error: , line 0: NotFoundError: No such JSWindowActor 'MarionetteEvents'
JavaScript error: , line 0: NotFoundError: No such JSWindowActor 'MarionetteEvents'
JavaScript warning: https://cdn.flashtalking.com/frameworks/js/api/2/10/html5API.js, line 1: WebGL warning: <Create>: Can't use WebGL in headless mode (https://bugzil.la/1375585).
JavaScript warning: https://cdn.flashtalking.com/frameworks/js/api/2/10/html5API.js, line 1: Failed to create WebGL context: WebGL creation failed: 
* Can't use WebGL in headless mode (https://bugzil.la/1375585).
JavaScript warning: https://z.moatads.com/betfairieftdisplay731863876687/moatad.js#moatClientLevel1=126903&moatClientLevel2=20394&moatClientLevel3=5253328&moatClientLevel4=3179873_22113175&zMoatIMP=02ADC60C-0FFD-19AC-11CB-053DAF59F8A5?72594624, line 265: WebGL warning: <Create>: Can't use WebGL in headless mode (https://bugzil.la/1375585).
JavaScript warning: https://z.moatads.com/betfairieftdisplay731863876687/moatad.js#moatClientLevel1=126903&moatClientLevel2=20394&moatClientLevel3=5253328&moatClientLevel4=3179873_22113175&zMoatIMP=02ADC60C-0FFD-19AC-11CB-053DAF59F8A5?72594624, line 265: Failed to create WebGL context: WebGL creation failed: 
* Can't use WebGL in headless mode (https://bugzil.la/1375585).
JavaScript warning: https://z.moatads.com/betfairieftdisplay731863876687/moatad.js#moatClientLevel1=126903&moatClientLevel2=20394&moatClientLevel3=5253328&moatClientLevel4=3179873_22113175&zMoatIMP=02ADC60C-0FFD-19AC-11CB-053DAF59F8A5?72594624, line 265: WebGL warning: <Create>: Can't use WebGL in headless mode (https://bugzil.la/1375585).
JavaScript warning: https://z.moatads.com/betfairieftdisplay731863876687/moatad.js#moatClientLevel1=126903&moatClientLevel2=20394&moatClientLevel3=5253328&moatClientLevel4=3179873_22113175&zMoatIMP=02ADC60C-0FFD-19AC-11CB-053DAF59F8A5?72594624, line 265: Failed to create WebGL context: WebGL creation failed: 
* Can't use WebGL in headless mode (https://bugzil.la/1375585).
1625982041857	Marionette	INFO	Stopped listening on port 54420
IPDL protocol error: Handler returned error code!

###!!! [Parent][DispatchAsyncMessage] Error: PLayerTransaction::Msg_ReleaseLayer Processing error: message was deserialized, but the handler returned false (indicating failure)

IPDL protocol error: Handler returned error code!

###!!! [Parent][DispatchAsyncMessage] Error: PLayerTransaction::Msg_ReleaseLayer Processing error: message was deserialized, but the handler returned false (indicating failure)

IPDL protocol error: Handler returned error code!

###!!! [Parent][DispatchAsyncMessage] Error: PLayerTransaction::Msg_ReleaseLayer Processing error: message was deserialized, but the handler returned false (indicating failure)

IPDL protocol error: Handler returned error code!

###!!! [Parent][DispatchAsyncMessage] Error: PLayerTransaction::Msg_ReleaseLayer Processing error: message was deserialized, but the handler returned false (indicating failure)

1626058601532	mozrunner::runner	INFO	Running command: "/Applications/Firefox.app/Contents/MacOS/firefox-bin" "-marionette" "--headless" "-foreground" "-no-remote" "-profile" "/var/folders/c4/7wg21tps309953_4v53mpswm0000gn/T/rust_mozprofilezgbY4i"
*** You are running in headless mode.
console.warn: SearchSettings: "get: No settings file exists, new profile?" (new Error("", "(unknown module)"))
1626058622653	Marionette	INFO	Listening on port 62847
1626058623130	Marionette	WARN	TLS certificate errors will be ignored for this session
1626058643582	Marionette	INFO	Stopped listening on port 62847
1626062547750	mozrunner::runner	INFO	Running command: "/Applications/Firefox.app/Contents/MacOS/firefox-bin" "-marionette" "--headless" "-foreground" "-no-remote" "-profile" "/var/folders/c4/7wg21tps309953_4v53mpswm0000gn/T/rust_mozprofile2WKSdN"
*** You are running in headless mode.
console.warn: SearchSettings: "get: No settings file exists, new profile?" (new Error("", "(unknown module)"))
1626062585728	Marionette	INFO	Listening on port 50419
1626062586843	Marionette	WARN	TLS certificate errors will be ignored for this session
1626062627752	Marionette	INFO	Stopped listening on port 50419
1626063121510	mozrunner::runner	INFO	Running command: "/Applications/Firefox.app/Contents/MacOS/firefox-bin" "-marionette" "--headless" "-foreground" "-no-remote" "-profile" "/var/folders/c4/7wg21tps309953_4v53mpswm0000gn/T/rust_mozprofileLIHuKD"
*** You are running in headless mode.
console.warn: SearchSettings: "get: No settings file exists, new profile?" (new Error("", "(unknown module)"))
1626063153471	Marionette	INFO	Listening on port 53491
1626063153791	Marionette	WARN	TLS certificate errors will be ignored for this session
1626063196028	Marionette	INFO	Stopped listening on port 53491
WARNING: At least one completion condition is taking too long to complete. Conditions: [{"name":"ContentParent: id=11f55d000","state":{"remoteTypePrefix":"web"},"filename":"/builds/worker/checkouts/gecko/dom/ipc/ContentParent.cpp","lineNumber":3341,"stack":["resource://gre/modules/nsAsyncShutdown.jsm:addBlocker:162","chrome://global/content/elements/browser-custom-element.js:get loadContext:353","chrome://global/content/elements/browser-custom-element.js:construct:1012","chrome://global/content/elements/browser-custom-element.js:connectedCallback:291","chrome://browser/content/tabbrowser.js:_setupInitialBrowserAndTab:381","chrome://browser/content/tabbrowser.js:init:42","chrome://browser/content/browser.js:onDOMContentLoaded:1793"]},{"name":"ContentParent: id=11fb17000","state":{"remoteTypePrefix":"extension"},"filename":"/builds/worker/checkouts/gecko/dom/ipc/ContentParent.cpp","lineNumber":3341,"stack":["resource://gre/modules/nsAsyncShutdown.jsm:addBlocker:162","resource://gre/modules/ExtensionParent.jsm:createBrowserElement:1204"]},{"name":"ContentParent: id=14c8d3000","state":{"remoteTypePrefix":"prealloc"},"filename":"/builds/worker/checkouts/gecko/dom/ipc/ContentParent.cpp","lineNumber":3341,"stack":["resource://gre/modules/nsAsyncShutdown.jsm:addBlocker:162"]}] Barrier: profile-before-change
1626064089617	mozrunner::runner	INFO	Running command: "/Applications/Firefox.app/Contents/MacOS/firefox-bin" "-marionette" "--headless" "-foreground" "-no-remote" "-profile" "/var/folders/c4/7wg21tps309953_4v53mpswm0000gn/T/rust_mozprofileOIjUni"
*** You are running in headless mode.
console.warn: SearchSettings: "get: No settings file exists, new profile?" (new Error("", "(unknown module)"))
console.error: Region.jsm: "Error fetching region" (new Error("TIMEOUT", "resource://gre/modules/Region.jsm", 726))
console.error: Region.jsm: "Failed to fetch region" (new Error("TIMEOUT", "resource://gre/modules/Region.jsm", 376))
1626064130076	Marionette	INFO	Listening on port 57690
1626064131020	Marionette	WARN	TLS certificate errors will be ignored for this session
1626064169360	Marionette	INFO	Stopped listening on port 57690
1626094552810	mozrunner::runner	INFO	Running command: "/Applications/Firefox.app/Contents/MacOS/firefox-bin" "-marionette" "--headless" "-foreground" "-no-remote" "-profile" "/var/folders/c4/7wg21tps309953_4v53mpswm0000gn/T/rust_mozprofiletbfTwT"
*** You are running in headless mode.
console.warn: SearchSettings: "get: No settings file exists, new profile?" (new Error("", "(unknown module)"))
1626094588045	Marionette	INFO	Listening on port 54320
1626094589406	Marionette	WARN	TLS certificate errors will be ignored for this session
1626094631581	Marionette	INFO	Stopped listening on port 54320
1626100028738	mozrunner::runner	INFO	Running command: "/Applications/Firefox.app/Contents/MacOS/firefox-bin" "-marionette" "--headless" "-foreground" "-no-remote" "-profile" "/var/folders/c4/7wg21tps309953_4v53mpswm0000gn/T/rust_mozprofileoZMTTl"
*** You are running in headless mode.
console.warn: SearchSettings: "get: No settings file exists, new profile?" (new Error("", "(unknown module)"))
1626100061419	Marionette	INFO	Listening on port 60248
1626100062765	Marionette	WARN	TLS certificate errors will be ignored for this session
1626100084182	Marionette	WARN	TimedPromise timed out after 500 ms: stacktrace:
TimedPromise/<@chrome://marionette/content/sync.js:235:19
TimedPromise@chrome://marionette/content/sync.js:220:10
interaction.flushEventLoop@chrome://marionette/content/interaction.js:418:10
webdriverClickElement@chrome://marionette/content/interaction.js:179:31
JavaScript error: , line 0: NotFoundError: No such JSWindowActor 'MarionetteEvents'
JavaScript error: , line 0: NotFoundError: No such JSWindowActor 'MarionetteEvents'
JavaScript warning: https://cdn.flashtalking.com/frameworks/js/api/2/10/html5API.js, line 1: WebGL warning: <Create>: Can't use WebGL in headless mode (https://bugzil.la/1375585).
JavaScript warning: https://cdn.flashtalking.com/frameworks/js/api/2/10/html5API.js, line 1: Failed to create WebGL context: WebGL creation failed: 
* Can't use WebGL in headless mode (https://bugzil.la/1375585).
JavaScript warning: https://z.moatads.com/betfairieftdisplay731863876687/moatad.js#moatClientLevel1=126903&moatClientLevel2=20394&moatClientLevel3=5253328&moatClientLevel4=3179873_22112767&zMoatIMP=14EB4EC6-6C1B-FE35-569C-4ED6A30A352E?32979679, line 265: WebGL warning: <Create>: Can't use WebGL in headless mode (https://bugzil.la/1375585).
JavaScript warning: https://z.moatads.com/betfairieftdisplay731863876687/moatad.js#moatClientLevel1=126903&moatClientLevel2=20394&moatClientLevel3=5253328&moatClientLevel4=3179873_22112767&zMoatIMP=14EB4EC6-6C1B-FE35-569C-4ED6A30A352E?32979679, line 265: Failed to create WebGL context: WebGL creation failed: 
* Can't use WebGL in headless mode (https://bugzil.la/1375585).
JavaScript warning: https://z.moatads.com/betfairieftdisplay731863876687/moatad.js#moatClientLevel1=126903&moatClientLevel2=20394&moatClientLevel3=5253328&moatClientLevel4=3179873_22112767&zMoatIMP=14EB4EC6-6C1B-FE35-569C-4ED6A30A352E?32979679, line 265: WebGL warning: <Create>: Can't use WebGL in headless mode (https://bugzil.la/1375585).
JavaScript warning: https://z.moatads.com/betfairieftdisplay731863876687/moatad.js#moatClientLevel1=126903&moatClientLevel2=20394&moatClientLevel3=5253328&moatClientLevel4=3179873_22112767&zMoatIMP=14EB4EC6-6C1B-FE35-569C-4ED6A30A352E?32979679, line 265: Failed to create WebGL context: WebGL creation failed: 
* Can't use WebGL in headless mode (https://bugzil.la/1375585).
JavaScript warning: https://mobile.bet365.com/members/services/OpenAccount/Scripts/js/jquery-1.10.2.min.js, line 2: Using //@ to indicate sourceMappingURL pragmas is deprecated. Use //# instead
JavaScript error: https://mobile.bet365.com/members/services/OpenAccount/Scripts/bundle-d72ff5c9ff.openaccount.js, line 3: NS_ERROR_FAILURE: 
JavaScript warning: https://mobile.bet365.com/members/services/host/Scripts/js/ProductCommon_v1.js?seed=AAB7BJt6AQAA0--345MfXYLcZWwEhey30EqXh4EfMWePOMdFGeWp37ihB6So&PIRXTcSdwp--z=q, line 1: WebGL warning: <Create>: Can't use WebGL in headless mode (https://bugzil.la/1375585).
JavaScript warning: https://mobile.bet365.com/members/services/host/Scripts/js/ProductCommon_v1.js?seed=AAB7BJt6AQAA0--345MfXYLcZWwEhey30EqXh4EfMWePOMdFGeWp37ihB6So&PIRXTcSdwp--z=q, line 1: Failed to create WebGL context: WebGL creation failed: 
* Can't use WebGL in headless mode (https://bugzil.la/1375585).
JavaScript warning: https://mobile.bet365.com/members/services/host/Scripts/js/ProductCommon_v1.js?seed=AAB7BJt6AQAA0--345MfXYLcZWwEhey30EqXh4EfMWePOMdFGeWp37ihB6So&PIRXTcSdwp--z=q, line 1: WebGL warning: <Create>: Can't use WebGL in headless mode (https://bugzil.la/1375585).
JavaScript warning: https://mobile.bet365.com/members/services/host/Scripts/js/ProductCommon_v1.js?seed=AAB7BJt6AQAA0--345MfXYLcZWwEhey30EqXh4EfMWePOMdFGeWp37ihB6So&PIRXTcSdwp--z=q, line 1: Failed to create WebGL context: WebGL creation failed: 
* Can't use WebGL in headless mode (https://bugzil.la/1375585).
JavaScript warning: https://z.moatads.com/betfairieftdisplay731863876687/moatad.js#moatClientLevel1=126903&moatClientLevel2=20394&moatClientLevel3=5253328&moatClientLevel4=3179873_22112767&zMoatIMP=4B0FE0B0-BB0E-54FF-961D-FF87A85C7CA6?465907420, line 265: WebGL warning: <Create>: Can't use WebGL in headless mode (https://bugzil.la/1375585).
JavaScript warning: https://z.moatads.com/betfairieftdisplay731863876687/moatad.js#moatClientLevel1=126903&moatClientLevel2=20394&moatClientLevel3=5253328&moatClientLevel4=3179873_22112767&zMoatIMP=4B0FE0B0-BB0E-54FF-961D-FF87A85C7CA6?465907420, line 265: Failed to create WebGL context: WebGL creation failed: 
* Can't use WebGL in headless mode (https://bugzil.la/1375585).
JavaScript warning: https://z.moatads.com/betfairieftdisplay731863876687/moatad.js#moatClientLevel1=126903&moatClientLevel2=20394&moatClientLevel3=5253328&moatClientLevel4=3179873_22112767&zMoatIMP=4B0FE0B0-BB0E-54FF-961D-FF87A85C7CA6?465907420, line 265: WebGL warning: <Create>: Can't use WebGL in headless mode (https://bugzil.la/1375585).
JavaScript warning: https://z.moatads.com/betfairieftdisplay731863876687/moatad.js#moatClientLevel1=126903&moatClientLevel2=20394&moatClientLevel3=5253328&moatClientLevel4=3179873_22112767&zMoatIMP=4B0FE0B0-BB0E-54FF-961D-FF87A85C7CA6?465907420, line 265: Failed to create WebGL context: WebGL creation failed: 
* Can't use WebGL in headless mode (https://bugzil.la/1375585).
JavaScript warning: https://cdn.flashtalking.com/frameworks/js/api/2/10/html5API.js, line 1: WebGL warning: <Create>: Can't use WebGL in headless mode (https://bugzil.la/1375585).
JavaScript warning: https://cdn.flashtalking.com/frameworks/js/api/2/10/html5API.js, line 1: Failed to create WebGL context: WebGL creation failed: 
* Can't use WebGL in headless mode (https://bugzil.la/1375585).
JavaScript warning: https://cdn.ftd.agency/libs/e.js, line 46: WebGL warning: <Create>: Can't use WebGL in headless mode (https://bugzil.la/1375585).
JavaScript warning: https://cdn.ftd.agency/libs/e.js, line 46: Failed to create WebGL context: WebGL creation failed: 
* Can't use WebGL in headless mode (https://bugzil.la/1375585).
JavaScript warning: https://z.moatads.com/betfairieftdisplay731863876687/moatad.js#moatClientLevel1=126903&moatClientLevel2=20394&moatClientLevel3=5253328&moatClientLevel4=3179873_22112767&zMoatIMP=297B3F76-629F-E264-687B-2F1A643E11C5?414921421, line 265: WebGL warning: <Create>: Can't use WebGL in headless mode (https://bugzil.la/1375585).
JavaScript warning: https://z.moatads.com/betfairieftdisplay731863876687/moatad.js#moatClientLevel1=126903&moatClientLevel2=20394&moatClientLevel3=5253328&moatClientLevel4=3179873_22112767&zMoatIMP=297B3F76-629F-E264-687B-2F1A643E11C5?414921421, line 265: Failed to create WebGL context: WebGL creation failed: 
* Can't use WebGL in headless mode (https://bugzil.la/1375585).
JavaScript warning: https://z.moatads.com/betfairieftdisplay731863876687/moatad.js#moatClientLevel1=126903&moatClientLevel2=20394&moatClientLevel3=5253328&moatClientLevel4=3179873_22112767&zMoatIMP=297B3F76-629F-E264-687B-2F1A643E11C5?414921421, line 265: WebGL warning: <Create>: Can't use WebGL in headless mode (https://bugzil.la/1375585).
JavaScript warning: https://z.moatads.com/betfairieftdisplay731863876687/moatad.js#moatClientLevel1=126903&moatClientLevel2=20394&moatClientLevel3=5253328&moatClientLevel4=3179873_22112767&zMoatIMP=297B3F76-629F-E264-687B-2F1A643E11C5?414921421, line 265: Failed to create WebGL context: WebGL creation failed: 
* Can't use WebGL in headless mode (https://bugzil.la/1375585).
JavaScript warning: https://cdn.flashtalking.com/frameworks/js/api/2/10/html5API.js, line 1: WebGL warning: <Create>: Can't use WebGL in headless mode (https://bugzil.la/1375585).
JavaScript warning: https://cdn.flashtalking.com/frameworks/js/api/2/10/html5API.js, line 1: Failed to create WebGL context: WebGL creation failed: 
* Can't use WebGL in headless mode (https://bugzil.la/1375585).
1626100213387	Marionette	WARN	TimedPromise timed out after 500 ms: stacktrace:
TimedPromise/<@chrome://marionette/content/sync.js:235:19
TimedPromise@chrome://marionette/content/sync.js:220:10
interaction.flushEventLoop@chrome://marionette/content/interaction.js:418:10
webdriverClickElement@chrome://marionette/content/interaction.js:179:31
1626100261971	Marionette	WARN	TimedPromise timed out after 500 ms: stacktrace:
TimedPromise/<@chrome://marionette/content/sync.js:235:19
TimedPromise@chrome://marionette/content/sync.js:220:10
interaction.flushEventLoop@chrome://marionette/content/interaction.js:418:10
webdriverClickElement@chrome://marionette/content/interaction.js:179:31
1626100489585	Marionette	WARN	TimedPromise timed out after 500 ms: stacktrace:
TimedPromise/<@chrome://marionette/content/sync.js:235:19
TimedPromise@chrome://marionette/content/sync.js:220:10
interaction.flushEventLoop@chrome://marionette/content/interaction.js:418:10
webdriverClickElement@chrome://marionette/content/interaction.js:179:31
1626100501640	Marionette	WARN	TimedPromise timed out after 500 ms: stacktrace:
TimedPromise/<@chrome://marionette/content/sync.js:235:19
TimedPromise@chrome://marionette/content/sync.js:220:10
interaction.flushEventLoop@chrome://marionette/content/interaction.js:418:10
webdriverClickElement@chrome://marionette/content/interaction.js:179:31
1626100536714	Marionette	WARN	TimedPromise timed out after 500 ms: stacktrace:
TimedPromise/<@chrome://marionette/content/sync.js:235:19
TimedPromise@chrome://marionette/content/sync.js:220:10
interaction.flushEventLoop@chrome://marionette/content/interaction.js:418:10
webdriverClickElement@chrome://marionette/content/interaction.js:179:31
console.log: WebExtensions: reset-default-search: No addons in our list are installed.
1626100584842	Marionette	WARN	TimedPromise timed out after 500 ms: stacktrace:
TimedPromise/<@chrome://marionette/content/sync.js:235:19
TimedPromise@chrome://marionette/content/sync.js:220:10
interaction.flushEventLoop@chrome://marionette/content/interaction.js:418:10
webdriverClickElement@chrome://marionette/content/interaction.js:179:31
1626100608062	Marionette	WARN	TimedPromise timed out after 500 ms: stacktrace:
TimedPromise/<@chrome://marionette/content/sync.js:235:19
TimedPromise@chrome://marionette/content/sync.js:220:10
interaction.flushEventLoop@chrome://marionette/content/interaction.js:418:10
webdriverClickElement@chrome://marionette/content/interaction.js:179:31
1626100632727	Marionette	WARN	TimedPromise timed out after 500 ms: stacktrace:
TimedPromise/<@chrome://marionette/content/sync.js:235:19
TimedPromise@chrome://marionette/content/sync.js:220:10
interaction.flushEventLoop@chrome://marionette/content/interaction.js:418:10
webdriverClickElement@chrome://marionette/content/interaction.js:179:31
1626100645045	Marionette	WARN	TimedPromise timed out after 500 ms: stacktrace:
TimedPromise/<@chrome://marionette/content/sync.js:235:19
TimedPromise@chrome://marionette/content/sync.js:220:10
interaction.flushEventLoop@chrome://marionette/content/interaction.js:418:10
webdriverClickElement@chrome://marionette/content/interaction.js:179:31
1626100694609	Marionette	WARN	TimedPromise timed out after 500 ms: stacktrace:
TimedPromise/<@chrome://marionette/content/sync.js:235:19
TimedPromise@chrome://marionette/content/sync.js:220:10
interaction.flushEventLoop@chrome://marionette/content/interaction.js:418:10
webdriverClickElement@chrome://marionette/content/interaction.js:179:31
1626100706410	Marionette	WARN	TimedPromise timed out after 500 ms: stacktrace:
TimedPromise/<@chrome://marionette/content/sync.js:235:19
TimedPromise@chrome://marionette/content/sync.js:220:10
interaction.flushEventLoop@chrome://marionette/content/interaction.js:418:10
webdriverClickElement@chrome://marionette/content/interaction.js:179:31
1626100730790	Marionette	WARN	TimedPromise timed out after 500 ms: stacktrace:
TimedPromise/<@chrome://marionette/content/sync.js:235:19
TimedPromise@chrome://marionette/content/sync.js:220:10
interaction.flushEventLoop@chrome://marionette/content/interaction.js:418:10
webdriverClickElement@chrome://marionette/content/interaction.js:179:31
[GFX1]: [Tiling:Client] Failed to allocate a TextureClient
[GFX1-]: Receive IPC close with reason=AbnormalShutdown
Exiting due to channel error.
Exiting due to channel error.
[GFX1-]: Receive IPC close with reason=AbnormalShutdown
Exiting due to channel error.
1626104004917	mozrunner::runner	INFO	Running command: "/Applications/Firefox.app/Contents/MacOS/firefox-bin" "-marionette" "--headless" "-foreground" "-no-remote" "-profile" "/var/folders/c4/7wg21tps309953_4v53mpswm0000gn/T/rust_mozprofile5WkBsJ"
*** You are running in headless mode.
console.warn: SearchSettings: "get: No settings file exists, new profile?" (new Error("", "(unknown module)"))
1626104040342	Marionette	INFO	Listening on port 60574
1626104041281	Marionette	WARN	TLS certificate errors will be ignored for this session
1626104062420	Marionette	WARN	TimedPromise timed out after 500 ms: stacktrace:
TimedPromise/<@chrome://marionette/content/sync.js:235:19
TimedPromise@chrome://marionette/content/sync.js:220:10
interaction.flushEventLoop@chrome://marionette/content/interaction.js:418:10
webdriverClickElement@chrome://marionette/content/interaction.js:179:31
JavaScript error: , line 0: NotFoundError: No such JSWindowActor 'MarionetteEvents'
JavaScript error: , line 0: NotFoundError: No such JSWindowActor 'MarionetteEvents'
JavaScript error: , line 0: NotFoundError: No such JSWindowActor 'MarionetteEvents'
JavaScript error: , line 0: NotFoundError: No such JSWindowActor 'MarionetteEvents'
JavaScript warning: https://cdn.ftd.agency/libs/e.js, line 46: WebGL warning: <Create>: Can't use WebGL in headless mode (https://bugzil.la/1375585).
JavaScript warning: https://cdn.ftd.agency/libs/e.js, line 46: Failed to create WebGL context: WebGL creation failed: 
* Can't use WebGL in headless mode (https://bugzil.la/1375585).
JavaScript error: , line 0: NotFoundError: No such JSWindowActor 'MarionetteEvents'
JavaScript warning: https://z.moatads.com/betfairieftdisplay731863876687/moatad.js#moatClientLevel1=126903&moatClientLevel2=20394&moatClientLevel3=5253328&moatClientLevel4=3179873_22112767&zMoatIMP=E5474B8F-80DC-CF3E-2B55-BEAA36571E33?264339685, line 265: WebGL warning: <Create>: Can't use WebGL in headless mode (https://bugzil.la/1375585).
JavaScript warning: https://z.moatads.com/betfairieftdisplay731863876687/moatad.js#moatClientLevel1=126903&moatClientLevel2=20394&moatClientLevel3=5253328&moatClientLevel4=3179873_22112767&zMoatIMP=E5474B8F-80DC-CF3E-2B55-BEAA36571E33?264339685, line 265: Failed to create WebGL context: WebGL creation failed: 
* Can't use WebGL in headless mode (https://bugzil.la/1375585).
JavaScript warning: https://z.moatads.com/betfairieftdisplay731863876687/moatad.js#moatClientLevel1=126903&moatClientLevel2=20394&moatClientLevel3=5253328&moatClientLevel4=3179873_22112767&zMoatIMP=E5474B8F-80DC-CF3E-2B55-BEAA36571E33?264339685, line 265: WebGL warning: <Create>: Can't use WebGL in headless mode (https://bugzil.la/1375585).
JavaScript warning: https://z.moatads.com/betfairieftdisplay731863876687/moatad.js#moatClientLevel1=126903&moatClientLevel2=20394&moatClientLevel3=5253328&moatClientLevel4=3179873_22112767&zMoatIMP=E5474B8F-80DC-CF3E-2B55-BEAA36571E33?264339685, line 265: Failed to create WebGL context: WebGL creation failed: 
* Can't use WebGL in headless mode (https://bugzil.la/1375585).
JavaScript warning: https://cdn.flashtalking.com/frameworks/js/api/2/10/html5API.js, line 1: WebGL warning: <Create>: Can't use WebGL in headless mode (https://bugzil.la/1375585).
JavaScript warning: https://cdn.flashtalking.com/frameworks/js/api/2/10/html5API.js, line 1: Failed to create WebGL context: WebGL creation failed: 
* Can't use WebGL in headless mode (https://bugzil.la/1375585).
JavaScript error: , line 0: NotFoundError: No such JSWindowActor 'MarionetteEvents'
JavaScript error: , line 0: NotFoundError: No such JSWindowActor 'MarionetteEvents'
JavaScript warning: https://mobile.bet365.com/members/services/OpenAccount/Scripts/js/jquery-1.10.2.min.js, line 2: Using //@ to indicate sourceMappingURL pragmas is deprecated. Use //# instead
JavaScript error: https://mobile.bet365.com/members/services/OpenAccount/Scripts/bundle-d72ff5c9ff.openaccount.js, line 3: NS_ERROR_FAILURE: 
JavaScript warning: https://mobile.bet365.com/members/services/host/Scripts/js/ProductCommon_v1.js?seed=AMDgVpt6AQAAwiEa1LQa8CZl4gtyCZaa6xfcL2h8DRiyr17o4G4aVP3dLy-D&PIRXTcSdwp--z=q, line 1: WebGL warning: <Create>: Can't use WebGL in headless mode (https://bugzil.la/1375585).
JavaScript warning: https://mobile.bet365.com/members/services/host/Scripts/js/ProductCommon_v1.js?seed=AMDgVpt6AQAAwiEa1LQa8CZl4gtyCZaa6xfcL2h8DRiyr17o4G4aVP3dLy-D&PIRXTcSdwp--z=q, line 1: Failed to create WebGL context: WebGL creation failed: 
* Can't use WebGL in headless mode (https://bugzil.la/1375585).
JavaScript warning: https://mobile.bet365.com/members/services/host/Scripts/js/ProductCommon_v1.js?seed=AMDgVpt6AQAAwiEa1LQa8CZl4gtyCZaa6xfcL2h8DRiyr17o4G4aVP3dLy-D&PIRXTcSdwp--z=q, line 1: WebGL warning: <Create>: Can't use WebGL in headless mode (https://bugzil.la/1375585).
JavaScript warning: https://mobile.bet365.com/members/services/host/Scripts/js/ProductCommon_v1.js?seed=AMDgVpt6AQAAwiEa1LQa8CZl4gtyCZaa6xfcL2h8DRiyr17o4G4aVP3dLy-D&PIRXTcSdwp--z=q, line 1: Failed to create WebGL context: WebGL creation failed: 
* Can't use WebGL in headless mode (https://bugzil.la/1375585).
JavaScript error: https://cdn.cookielaw.org/scripttemplates/6.19.0/otBannerSdk.js, line 7: TypeError: this.selector is null
1626104179863	Marionette	WARN	TimedPromise timed out after 500 ms: stacktrace:
TimedPromise/<@chrome://marionette/content/sync.js:235:19
TimedPromise@chrome://marionette/content/sync.js:220:10
interaction.flushEventLoop@chrome://marionette/content/interaction.js:418:10
webdriverClickElement@chrome://marionette/content/interaction.js:179:31
JavaScript error: , line 0: NotFoundError: No such JSWindowActor 'MarionetteEvents'
JavaScript error: , line 0: NotFoundError: No such JSWindowActor 'MarionetteEvents'
JavaScript warning: https://cdn.ftd.agency/libs/e.js, line 46: WebGL warning: <Create>: Can't use WebGL in headless mode (https://bugzil.la/1375585).
JavaScript warning: https://cdn.ftd.agency/libs/e.js, line 46: Failed to create WebGL context: WebGL creation failed: 
* Can't use WebGL in headless mode (https://bugzil.la/1375585).
JavaScript warning: https://z.moatads.com/betfairieftdisplay731863876687/moatad.js#moatClientLevel1=126903&moatClientLevel2=20394&moatClientLevel3=5253328&moatClientLevel4=3179873_22112767&zMoatIMP=F1245CC7-A9A3-3AFB-E01B-7DA5DA206C38?527264001, line 265: WebGL warning: <Create>: Can't use WebGL in headless mode (https://bugzil.la/1375585).
JavaScript warning: https://z.moatads.com/betfairieftdisplay731863876687/moatad.js#moatClientLevel1=126903&moatClientLevel2=20394&moatClientLevel3=5253328&moatClientLevel4=3179873_22112767&zMoatIMP=F1245CC7-A9A3-3AFB-E01B-7DA5DA206C38?527264001, line 265: Failed to create WebGL context: WebGL creation failed: 
* Can't use WebGL in headless mode (https://bugzil.la/1375585).
JavaScript warning: https://z.moatads.com/betfairieftdisplay731863876687/moatad.js#moatClientLevel1=126903&moatClientLevel2=20394&moatClientLevel3=5253328&moatClientLevel4=3179873_22112767&zMoatIMP=F1245CC7-A9A3-3AFB-E01B-7DA5DA206C38?527264001, line 265: WebGL warning: <Create>: Can't use WebGL in headless mode (https://bugzil.la/1375585).
JavaScript warning: https://z.moatads.com/betfairieftdisplay731863876687/moatad.js#moatClientLevel1=126903&moatClientLevel2=20394&moatClientLevel3=5253328&moatClientLevel4=3179873_22112767&zMoatIMP=F1245CC7-A9A3-3AFB-E01B-7DA5DA206C38?527264001, line 265: Failed to create WebGL context: WebGL creation failed: 
* Can't use WebGL in headless mode (https://bugzil.la/1375585).
1626104195832	Marionette	WARN	TimedPromise timed out after 500 ms: stacktrace:
TimedPromise/<@chrome://marionette/content/sync.js:235:19
TimedPromise@chrome://marionette/content/sync.js:220:10
interaction.flushEventLoop@chrome://marionette/content/interaction.js:418:10
webdriverClickElement@chrome://marionette/content/interaction.js:179:31
JavaScript error: , line 0: NotFoundError: No such JSWindowActor 'MarionetteEvents'
JavaScript error: , line 0: NotFoundError: No such JSWindowActor 'MarionetteEvents'
JavaScript warning: https://cdn.flashtalking.com/frameworks/js/api/2/10/html5API.js, line 1: WebGL warning: <Create>: Can't use WebGL in headless mode (https://bugzil.la/1375585).
JavaScript warning: https://cdn.flashtalking.com/frameworks/js/api/2/10/html5API.js, line 1: Failed to create WebGL context: WebGL creation failed: 
* Can't use WebGL in headless mode (https://bugzil.la/1375585).
1626104247634	Marionette	WARN	TimedPromise timed out after 500 ms: stacktrace:
TimedPromise/<@chrome://marionette/content/sync.js:235:19
TimedPromise@chrome://marionette/content/sync.js:220:10
interaction.flushEventLoop@chrome://marionette/content/interaction.js:418:10
webdriverClickElement@chrome://marionette/content/interaction.js:179:31
JavaScript error: https://www.flashscore.com.br/x/js/core_401_1940000000.js, line 4105: Error: EventItem g_1_zFKDiEdJ not found
1626104479868	Marionette	WARN	TimedPromise timed out after 500 ms: stacktrace:
TimedPromise/<@chrome://marionette/content/sync.js:235:19
TimedPromise@chrome://marionette/content/sync.js:220:10
interaction.flushEventLoop@chrome://marionette/content/interaction.js:418:10
webdriverClickElement@chrome://marionette/content/interaction.js:179:31
JavaScript error: https://www.flashscore.com.br/x/js/core_401_1940000000.js, line 4105: Error: EventItem g_1_hjkXhDmU not found
console.log: WebExtensions: reset-default-search: No addons in our list are installed.
1626104539973	Marionette	WARN	TimedPromise timed out after 500 ms: stacktrace:
TimedPromise/<@chrome://marionette/content/sync.js:235:19
TimedPromise@chrome://marionette/content/sync.js:220:10
interaction.flushEventLoop@chrome://marionette/content/interaction.js:418:10
webdriverClickElement@chrome://marionette/content/interaction.js:179:31
1626104574829	Marionette	WARN	TimedPromise timed out after 500 ms: stacktrace:
TimedPromise/<@chrome://marionette/content/sync.js:235:19
TimedPromise@chrome://marionette/content/sync.js:220:10
interaction.flushEventLoop@chrome://marionette/content/interaction.js:418:10
webdriverClickElement@chrome://marionette/content/interaction.js:179:31
1626104587415	Marionette	WARN	TimedPromise timed out after 500 ms: stacktrace:
TimedPromise/<@chrome://marionette/content/sync.js:235:19
TimedPromise@chrome://marionette/content/sync.js:220:10
interaction.flushEventLoop@chrome://marionette/content/interaction.js:418:10
webdriverClickElement@chrome://marionette/content/interaction.js:179:31
1626104625206	Marionette	WARN	TimedPromise timed out after 500 ms: stacktrace:
TimedPromise/<@chrome://marionette/content/sync.js:235:19
TimedPromise@chrome://marionette/content/sync.js:220:10
interaction.flushEventLoop@chrome://marionette/content/interaction.js:418:10
webdriverClickElement@chrome://marionette/content/interaction.js:179:31
1626104696213	Marionette	WARN	TimedPromise timed out after 500 ms: stacktrace:
TimedPromise/<@chrome://marionette/content/sync.js:235:19
TimedPromise@chrome://marionette/content/sync.js:220:10
interaction.flushEventLoop@chrome://marionette/content/interaction.js:418:10
webdriverClickElement@chrome://marionette/content/interaction.js:179:31
1626104777434	Marionette	WARN	TimedPromise timed out after 500 ms: stacktrace:
TimedPromise/<@chrome://marionette/content/sync.js:235:19
TimedPromise@chrome://marionette/content/sync.js:220:10
interaction.flushEventLoop@chrome://marionette/content/interaction.js:418:10
webdriverClickElement@chrome://marionette/content/interaction.js:179:31
1626104800934	Marionette	WARN	TimedPromise timed out after 500 ms: stacktrace:
TimedPromise/<@chrome://marionette/content/sync.js:235:19
TimedPromise@chrome://marionette/content/sync.js:220:10
interaction.flushEventLoop@chrome://marionette/content/interaction.js:418:10
webdriverClickElement@chrome://marionette/content/interaction.js:179:31
1626104813475	Marionette	WARN	TimedPromise timed out after 500 ms: stacktrace:
TimedPromise/<@chrome://marionette/content/sync.js:235:19
TimedPromise@chrome://marionette/content/sync.js:220:10
interaction.flushEventLoop@chrome://marionette/content/interaction.js:418:10
webdriverClickElement@chrome://marionette/content/interaction.js:179:31
1626104849370	Marionette	WARN	TimedPromise timed out after 500 ms: stacktrace:
TimedPromise/<@chrome://marionette/content/sync.js:235:19
TimedPromise@chrome://marionette/content/sync.js:220:10
interaction.flushEventLoop@chrome://marionette/content/interaction.js:418:10
webdriverClickElement@chrome://marionette/content/interaction.js:179:31
1626104861124	Marionette	WARN	TimedPromise timed out after 500 ms: stacktrace:
TimedPromise/<@chrome://marionette/content/sync.js:235:19
TimedPromise@chrome://marionette/content/sync.js:220:10
interaction.flushEventLoop@chrome://marionette/content/interaction.js:418:10
webdriverClickElement@chrome://marionette/content/interaction.js:179:31
1626104897239	Marionette	WARN	TimedPromise timed out after 500 ms: stacktrace:
TimedPromise/<@chrome://marionette/content/sync.js:235:19
TimedPromise@chrome://marionette/content/sync.js:220:10
interaction.flushEventLoop@chrome://marionette/content/interaction.js:418:10
webdriverClickElement@chrome://marionette/content/interaction.js:179:31
1626105084388	Marionette	WARN	TimedPromise timed out after 500 ms: stacktrace:
TimedPromise/<@chrome://marionette/content/sync.js:235:19
TimedPromise@chrome://marionette/content/sync.js:220:10
interaction.flushEventLoop@chrome://marionette/content/interaction.js:418:10
webdriverClickElement@chrome://marionette/content/interaction.js:179:31
1626105133882	Marionette	WARN	TimedPromise timed out after 500 ms: stacktrace:
TimedPromise/<@chrome://marionette/content/sync.js:235:19
TimedPromise@chrome://marionette/content/sync.js:220:10
interaction.flushEventLoop@chrome://marionette/content/interaction.js:418:10
webdriverClickElement@chrome://marionette/content/interaction.js:179:31
1626105170191	Marionette	WARN	TimedPromise timed out after 500 ms: stacktrace:
TimedPromise/<@chrome://marionette/content/sync.js:235:19
TimedPromise@chrome://marionette/content/sync.js:220:10
interaction.flushEventLoop@chrome://marionette/content/interaction.js:418:10
webdriverClickElement@chrome://marionette/content/interaction.js:179:31
1626105194046	Marionette	WARN	TimedPromise timed out after 500 ms: stacktrace:
TimedPromise/<@chrome://marionette/content/sync.js:235:19
TimedPromise@chrome://marionette/content/sync.js:220:10
interaction.flushEventLoop@chrome://marionette/content/interaction.js:418:10
webdriverClickElement@chrome://marionette/content/interaction.js:179:31
1626105207674	Marionette	WARN	TimedPromise timed out after 500 ms: stacktrace:
TimedPromise/<@chrome://marionette/content/sync.js:235:19
TimedPromise@chrome://marionette/content/sync.js:220:10
interaction.flushEventLoop@chrome://marionette/content/interaction.js:418:10
webdriverClickElement@chrome://marionette/content/interaction.js:179:31
1626105346704	Marionette	WARN	TimedPromise timed out after 500 ms: stacktrace:
TimedPromise/<@chrome://marionette/content/sync.js:235:19
TimedPromise@chrome://marionette/content/sync.js:220:10
interaction.flushEventLoop@chrome://marionette/content/interaction.js:418:10
webdriverClickElement@chrome://marionette/content/interaction.js:179:31
JavaScript warning: https://z.moatads.com/betfairieftdisplay731863876687/moatad.js#moatClientLevel1=126903&moatClientLevel2=20394&moatClientLevel3=5253328&moatClientLevel4=3179873_22112767&zMoatIMP=0D25A0A9-6CE0-A862-4208-836CD6CD88B1?956892933, line 265: WebGL warning: <Create>: Can't use WebGL in headless mode (https://bugzil.la/1375585).
JavaScript warning: https://z.moatads.com/betfairieftdisplay731863876687/moatad.js#moatClientLevel1=126903&moatClientLevel2=20394&moatClientLevel3=5253328&moatClientLevel4=3179873_22112767&zMoatIMP=0D25A0A9-6CE0-A862-4208-836CD6CD88B1?956892933, line 265: Failed to create WebGL context: WebGL creation failed: 
* Can't use WebGL in headless mode (https://bugzil.la/1375585).
JavaScript warning: https://z.moatads.com/betfairieftdisplay731863876687/moatad.js#moatClientLevel1=126903&moatClientLevel2=20394&moatClientLevel3=5253328&moatClientLevel4=3179873_22112767&zMoatIMP=0D25A0A9-6CE0-A862-4208-836CD6CD88B1?956892933, line 265: WebGL warning: <Create>: Can't use WebGL in headless mode (https://bugzil.la/1375585).
JavaScript warning: https://z.moatads.com/betfairieftdisplay731863876687/moatad.js#moatClientLevel1=126903&moatClientLevel2=20394&moatClientLevel3=5253328&moatClientLevel4=3179873_22112767&zMoatIMP=0D25A0A9-6CE0-A862-4208-836CD6CD88B1?956892933, line 265: Failed to create WebGL context: WebGL creation failed: 
* Can't use WebGL in headless mode (https://bugzil.la/1375585).
JavaScript warning: https://cdn.flashtalking.com/frameworks/js/api/2/10/html5API.js, line 1: WebGL warning: <Create>: Can't use WebGL in headless mode (https://bugzil.la/1375585).
JavaScript warning: https://cdn.flashtalking.com/frameworks/js/api/2/10/html5API.js, line 1: Failed to create WebGL context: WebGL creation failed: 
* Can't use WebGL in headless mode (https://bugzil.la/1375585).
1626105609905	Marionette	WARN	TimedPromise timed out after 500 ms: stacktrace:
TimedPromise/<@chrome://marionette/content/sync.js:235:19
TimedPromise@chrome://marionette/content/sync.js:220:10
interaction.flushEventLoop@chrome://marionette/content/interaction.js:418:10
webdriverClickElement@chrome://marionette/content/interaction.js:179:31
JavaScript error: , line 0: NotFoundError: No such JSWindowActor 'MarionetteEvents'
JavaScript error: , line 0: NotFoundError: No such JSWindowActor 'MarionetteEvents'
JavaScript error: https://www.flashscore.com.br/res/_fs/build/detail.c059228.js, line 1: TypeError: this._$ is not a function
JavaScript error: https://www.flashscore.com.br/res/_fs/build/detail.c059228.js, line 1: TypeError: this._$ is not a function
JavaScript error: https://www.flashscore.com.br/res/_fs/build/detail.c059228.js, line 1: TypeError: this._$ is not a function
